2025-02-12 14:20:55,730 DEBUG    root            Loaded Command Group: ['gcloud', 'components']
2025-02-12 14:20:55,731 DEBUG    root            Loaded Command Group: ['gcloud', 'components', 'update']
2025-02-12 14:20:55,733 DEBUG    root            Running [gcloud.components.update] with arguments: [--quiet: "True", COMPONENT-IDS:8: "['gcloud', 'core', 'bq', 'gsutil', 'compute', 'preview', 'alpha', 'beta']"]
2025-02-12 14:20:55,734 INFO     ___FILE_ONLY___ Beginning update. This process may take several minutes.

2025-02-12 14:20:55,742 DEBUG    urllib3.connectionpool Starting new HTTPS connection (1): dl.google.com:443
2025-02-12 14:20:56,762 DEBUG    urllib3.connectionpool https://dl.google.com:443 "GET /dl/cloudsdk/channels/rapid/components-2.json HTTP/11" 200 227832
2025-02-12 14:20:56,777 WARNING  root            Component [compute] no longer exists.
2025-02-12 14:20:56,777 INFO     ___FILE_ONLY___ 

2025-02-12 14:20:56,778 INFO     ___FILE_ONLY___ 
Your current Google Cloud CLI version is: 510.0.0

2025-02-12 14:20:56,778 INFO     ___FILE_ONLY___ Installing components from version: 510.0.0

2025-02-12 14:20:56,778 INFO     ___FILE_ONLY___ 

2025-02-12 14:20:56,778 DEBUG    root            Chosen display Format:table[box,title="These components will be removed."](details.display_name:label=Name:align=left,version.version_string:label=Version:align=right,data.size.size(zero="",min=1048576):label=Size:align=right)
2025-02-12 14:20:56,779 DEBUG    root            Chosen display Format:table[box,title="These components will be updated."](details.display_name:label=Name:align=left,version.version_string:label=Version:align=right,data.size.size(zero="",min=1048576):label=Size:align=right)
2025-02-12 14:20:56,779 DEBUG    root            Chosen display Format:table[box,title="These components will be installed."](details.display_name:label=Name:align=left,version.version_string:label=Version:align=right,data.size.size(zero="",min=1048576):label=Size:align=right)
2025-02-12 14:20:56,792 INFO     ___FILE_ONLY___ ┌────────────────────────────────────────────────┐
2025-02-12 14:20:56,793 INFO     ___FILE_ONLY___ 

2025-02-12 14:20:56,793 INFO     ___FILE_ONLY___ │      These components will be installed.       │
2025-02-12 14:20:56,793 INFO     ___FILE_ONLY___ 

2025-02-12 14:20:56,793 INFO     ___FILE_ONLY___ ├─────────────────────────┬────────────┬─────────┤
2025-02-12 14:20:56,793 INFO     ___FILE_ONLY___ 

2025-02-12 14:20:56,793 INFO     ___FILE_ONLY___ │           Name          │  Version   │   Size  │
2025-02-12 14:20:56,793 INFO     ___FILE_ONLY___ 

2025-02-12 14:20:56,793 INFO     ___FILE_ONLY___ ├─────────────────────────┼────────────┼─────────┤
2025-02-12 14:20:56,793 INFO     ___FILE_ONLY___ 

2025-02-12 14:20:56,793 INFO     ___FILE_ONLY___ │ 
2025-02-12 14:20:56,793 INFO     ___FILE_ONLY___ gcloud Alpha Commands  
2025-02-12 14:20:56,793 INFO     ___FILE_ONLY___  
2025-02-12 14:20:56,793 INFO     ___FILE_ONLY___ │ 
2025-02-12 14:20:56,793 INFO     ___FILE_ONLY___ 2025.02.10
2025-02-12 14:20:56,793 INFO     ___FILE_ONLY___  
2025-02-12 14:20:56,793 INFO     ___FILE_ONLY___ │ 
2025-02-12 14:20:56,793 INFO     ___FILE_ONLY___ < 1 MiB
2025-02-12 14:20:56,794 INFO     ___FILE_ONLY___  
2025-02-12 14:20:56,794 INFO     ___FILE_ONLY___ │
2025-02-12 14:20:56,794 INFO     ___FILE_ONLY___ 

2025-02-12 14:20:56,794 INFO     ___FILE_ONLY___ │ 
2025-02-12 14:20:56,794 INFO     ___FILE_ONLY___ gcloud Beta Commands   
2025-02-12 14:20:56,794 INFO     ___FILE_ONLY___  
2025-02-12 14:20:56,794 INFO     ___FILE_ONLY___ │ 
2025-02-12 14:20:56,794 INFO     ___FILE_ONLY___ 2025.02.10
2025-02-12 14:20:56,794 INFO     ___FILE_ONLY___  
2025-02-12 14:20:56,794 INFO     ___FILE_ONLY___ │ 
2025-02-12 14:20:56,794 INFO     ___FILE_ONLY___ < 1 MiB
2025-02-12 14:20:56,794 INFO     ___FILE_ONLY___  
2025-02-12 14:20:56,794 INFO     ___FILE_ONLY___ │
2025-02-12 14:20:56,794 INFO     ___FILE_ONLY___ 

2025-02-12 14:20:56,794 INFO     ___FILE_ONLY___ │ 
2025-02-12 14:20:56,794 INFO     ___FILE_ONLY___ gcloud Preview Commands
2025-02-12 14:20:56,794 INFO     ___FILE_ONLY___  
2025-02-12 14:20:56,794 INFO     ___FILE_ONLY___ │ 
2025-02-12 14:20:56,794 INFO     ___FILE_ONLY___           
2025-02-12 14:20:56,794 INFO     ___FILE_ONLY___  
2025-02-12 14:20:56,794 INFO     ___FILE_ONLY___ │ 
2025-02-12 14:20:56,795 INFO     ___FILE_ONLY___ < 1 MiB
2025-02-12 14:20:56,795 INFO     ___FILE_ONLY___  
2025-02-12 14:20:56,795 INFO     ___FILE_ONLY___ │
2025-02-12 14:20:56,795 INFO     ___FILE_ONLY___ 

2025-02-12 14:20:56,795 INFO     ___FILE_ONLY___ └─────────────────────────┴────────────┴─────────┘
2025-02-12 14:20:56,795 INFO     ___FILE_ONLY___ 

2025-02-12 14:20:56,795 INFO     ___FILE_ONLY___ 

2025-02-12 14:20:56,798 DEBUG    urllib3.connectionpool Starting new HTTPS connection (1): dl.google.com:443
2025-02-12 14:20:57,837 DEBUG    urllib3.connectionpool https://dl.google.com:443 "GET /dl/cloudsdk/channels/rapid/RELEASE_NOTES HTTP/11" 200 1354946
2025-02-12 14:20:58,279 INFO     ___FILE_ONLY___ For the latest full release notes, please visit:
  https://cloud.google.com/sdk/release_notes


2025-02-12 14:20:58,280 INFO     ___FILE_ONLY___ Performing in place update...


2025-02-12 14:20:58,282 INFO     ___FILE_ONLY___ ╔════════════════════════════════════════════════════════════╗

2025-02-12 14:20:58,282 INFO     ___FILE_ONLY___ ╠═ Downloading: gcloud Alpha Commands                       ═╣

2025-02-12 14:20:58,282 INFO     ___FILE_ONLY___ ╚
2025-02-12 14:20:58,285 DEBUG    urllib3.connectionpool Starting new HTTPS connection (1): dl.google.com:443
2025-02-12 14:20:59,349 DEBUG    urllib3.connectionpool https://dl.google.com:443 "GET /dl/cloudsdk/channels/rapid/components/google-cloud-sdk-alpha-20250210213649.tar.gz HTTP/11" 200 800
2025-02-12 14:20:59,350 INFO     ___FILE_ONLY___ ════════════════════════════════════════════════════════════
2025-02-12 14:20:59,350 INFO     ___FILE_ONLY___ ╝

2025-02-12 14:20:59,352 INFO     ___FILE_ONLY___ ╔════════════════════════════════════════════════════════════╗

2025-02-12 14:20:59,352 INFO     ___FILE_ONLY___ ╠═ Downloading: gcloud Beta Commands                        ═╣

2025-02-12 14:20:59,352 INFO     ___FILE_ONLY___ ╚
2025-02-12 14:20:59,355 DEBUG    urllib3.connectionpool Starting new HTTPS connection (1): dl.google.com:443
2025-02-12 14:20:59,606 DEBUG    urllib3.connectionpool https://dl.google.com:443 "GET /dl/cloudsdk/channels/rapid/components/google-cloud-sdk-beta-20250210213649.tar.gz HTTP/11" 200 797
2025-02-12 14:20:59,607 INFO     ___FILE_ONLY___ ════════════════════════════════════════════════════════════
2025-02-12 14:20:59,607 INFO     ___FILE_ONLY___ ╝

2025-02-12 14:20:59,609 INFO     ___FILE_ONLY___ ╔════════════════════════════════════════════════════════════╗

2025-02-12 14:20:59,609 INFO     ___FILE_ONLY___ ╠═ Downloading: gcloud Preview Commands                     ═╣

2025-02-12 14:20:59,609 INFO     ___FILE_ONLY___ ╚
2025-02-12 14:20:59,612 DEBUG    urllib3.connectionpool Starting new HTTPS connection (1): dl.google.com:443
2025-02-12 14:21:00,685 DEBUG    urllib3.connectionpool https://dl.google.com:443 "GET /dl/cloudsdk/channels/rapid/components/google-cloud-sdk-preview-20241115154308.tar.gz HTTP/11" 200 823
2025-02-12 14:21:00,686 INFO     ___FILE_ONLY___ ════════════════════════════════════════════════════════════
2025-02-12 14:21:00,686 INFO     ___FILE_ONLY___ ╝

2025-02-12 14:21:00,688 INFO     ___FILE_ONLY___ ╔════════════════════════════════════════════════════════════╗

2025-02-12 14:21:00,688 INFO     ___FILE_ONLY___ ╠═ Installing: gcloud Alpha Commands                        ═╣

2025-02-12 14:21:00,688 INFO     ___FILE_ONLY___ ╚
2025-02-12 14:21:00,689 INFO     ___FILE_ONLY___ ════════════════════════════════════════════════════════════
2025-02-12 14:21:00,689 INFO     ___FILE_ONLY___ ╝

2025-02-12 14:21:00,694 INFO     ___FILE_ONLY___ ╔════════════════════════════════════════════════════════════╗

2025-02-12 14:21:00,694 INFO     ___FILE_ONLY___ ╠═ Installing: gcloud Beta Commands                         ═╣

2025-02-12 14:21:00,694 INFO     ___FILE_ONLY___ ╚
2025-02-12 14:21:00,695 INFO     ___FILE_ONLY___ ════════════════════════════════════════════════════════════
2025-02-12 14:21:00,695 INFO     ___FILE_ONLY___ ╝

2025-02-12 14:21:00,700 INFO     ___FILE_ONLY___ ╔════════════════════════════════════════════════════════════╗

2025-02-12 14:21:00,700 INFO     ___FILE_ONLY___ ╠═ Installing: gcloud Preview Commands                      ═╣

2025-02-12 14:21:00,700 INFO     ___FILE_ONLY___ ╚
2025-02-12 14:21:00,700 INFO     ___FILE_ONLY___ ════════════════════════════════════════════════════════════
2025-02-12 14:21:00,700 INFO     ___FILE_ONLY___ ╝

2025-02-12 14:21:00,705 DEBUG    root            Updating notification cache...
2025-02-12 14:21:00,705 INFO     ___FILE_ONLY___ 

2025-02-12 14:21:00,707 INFO     ___FILE_ONLY___ Performing post processing steps...
2025-02-12 14:21:00,707 DEBUG    root            Executing command: ['/tools/google-cloud-sdk/bin/gcloud', 'components', 'post-process']
2025-02-12 14:21:09,130 DEBUG    ___FILE_ONLY___ 
2025-02-12 14:21:09,130 DEBUG    ___FILE_ONLY___ 
2025-02-12 14:21:09,231 INFO     ___FILE_ONLY___ 
Update done!


2025-02-12 14:21:09,233 DEBUG    root            Chosen display Format:none
2025-02-12 14:21:09,233 INFO     root            Display format: "none"
